
Showing logs for build [32mzeebe-io-zeebe-tasklist-helm-ma-l7bvs-5[0m stage [32mfrom-build-pack[0m and container [32mcredential-initializer[0m
{"level":"info","ts":1596197781.971679,"caller":"creds-init/main.go:44","msg":"Credentials initialized."}

Showing logs for build [32mzeebe-io-zeebe-tasklist-helm-ma-l7bvs-5[0m stage [32mfrom-build-pack[0m and container [32mworking-dir-initializer[0m

Showing logs for build [32mzeebe-io-zeebe-tasklist-helm-ma-l7bvs-5[0m stage [32mfrom-build-pack[0m and container [32mplace-tools[0m

Showing logs for build [32mzeebe-io-zeebe-tasklist-helm-ma-l7bvs-5[0m stage [32mfrom-build-pack[0m and container [32mstep-git-source-zeebe-io-zeebe-tasklist-helm-ma-l7bvs-492lx[0m
{"level":"info","ts":1596197790.3708994,"caller":"git/git.go:105","msg":"Successfully cloned https://github.com/zeebe-io/zeebe-tasklist-helm.git @ v0.0.5 in path /workspace/source"}
{"level":"warn","ts":1596197790.372162,"caller":"git/git.go:152","msg":"Unexpected error: creating symlink: symlink /tekton/home/.ssh /root/.ssh: file exists"}
{"level":"info","ts":1596197790.4539998,"caller":"git/git.go:133","msg":"Successfully initialized and updated submodules in path /workspace/source"}

Showing logs for build [32mzeebe-io-zeebe-tasklist-helm-ma-l7bvs-5[0m stage [32mfrom-build-pack[0m and container [32mstep-setup-builder-home[0m

Showing logs for build [32mzeebe-io-zeebe-tasklist-helm-ma-l7bvs-5[0m stage [32mfrom-build-pack[0m and container [32mstep-git-merge[0m
Using SHAs from PULL_REFS=master:ca0206441e93d2ec7faf26b4169d05d71f128470
WARNING: no SHAs to merge, falling back to initial cloned commit

Showing logs for build [32mzeebe-io-zeebe-tasklist-helm-ma-l7bvs-5[0m stage [32mfrom-build-pack[0m and container [32mstep-setup-jx-git-credentials[0m
Generated Git credentials file /tekton/home/git/credentials

Showing logs for build [32mzeebe-io-zeebe-tasklist-helm-ma-l7bvs-5[0m stage [32mfrom-build-pack[0m and container [32mstep-build-basic-auth-username[0m
/tekton/home/basic-auth-user.json

Showing logs for build [32mzeebe-io-zeebe-tasklist-helm-ma-l7bvs-5[0m stage [32mfrom-build-pack[0m and container [32mstep-build-basic-auth-password[0m
/tekton/home/basic-auth-pass.json

Showing logs for build [32mzeebe-io-zeebe-tasklist-helm-ma-l7bvs-5[0m stage [32mfrom-build-pack[0m and container [32mstep-build-release[0m
rm -rf zeebe-tasklist/charts
rm -rf zeebe-tasklist/zeebe-tasklist*.tgz
rm -rf zeebe-tasklist/requirements.lock
helm init --client-only
Creating /tekton/home/.helm 
Creating /tekton/home/.helm/repository 
Creating /tekton/home/.helm/repository/cache 
Creating /tekton/home/.helm/repository/local 
Creating /tekton/home/.helm/plugins 
Creating /tekton/home/.helm/starters 
Creating /tekton/home/.helm/cache/archive 
Creating /tekton/home/.helm/repository/repositories.yaml 
Adding stable repo with URL: https://kubernetes-charts.storage.googleapis.com 
Adding local repo with URL: http://127.0.0.1:8879/charts 
$HELM_HOME has been configured at /tekton/home/.helm.
Not installing Tiller due to 'client-only' flag having been set
Happy Helming!
helm repo add jenkins-x http://chartmuseum.jenkins-x.io
"jenkins-x" has been added to your repositories
#helm repo add releases http://jenkins-x-chartmuseum:8080
helm dependency build zeebe-tasklist
No requirements found in zeebe-tasklist/charts.
helm lint zeebe-tasklist
==> Linting zeebe-tasklist
Lint OK

1 chart(s) linted, no failures
sed -i -e "s/version:.*/version: 0.0.5/" zeebe-tasklist/Chart.yaml
helm package zeebe-tasklist
Successfully packaged chart and saved it to: /workspace/source/zeebe-tasklist-0.0.5.tgz
curl --fail -u *****:*********** --data-binary "@zeebe-tasklist-0.0.5.tgz" http://jenkins-x-chartmuseum:8080/api/charts
  % Total    % Received % Xferd  Average Speed   Time    Time     Time  Current
                                 Dload  Upload   Total   Spent    Left  Speed
  0     0    0     0    0     0      0      0 --:--:-- --:--:-- --:--:--     0100  3177  100    14  100  3163   1302   287k --:--:-- --:--:-- --:--:--  308k
{"saved":true}rm -rf zeebe-tasklist*.tgz
** step changelog  --verbose --version 0.0.5 
DEBUG: LC_ALL=C JX_LOG_LEVEL=error git rev-parse --is-shallow-repository
DEBUG: LC_ALL=C JX_LOG_LEVEL=error git fetch --unshallow
DEBUG: LC_ALL=C JX_LOG_LEVEL=error git fetch --tags
Converted /workspace/source to an unshallow repository
DEBUG: LC_ALL=C JX_LOG_LEVEL=error git for-each-ref --sort=-creatordate --format=%(objectname)%00%(refname:short) --count=2 refs/tags
DEBUG: LC_ALL=C JX_LOG_LEVEL=error git rev-list -n 1 2f7e49e081c43e21ff22e33c41de5076e0c961cf
DEBUG: LC_ALL=C JX_LOG_LEVEL=error git for-each-ref --sort=-creatordate --format=%(objectname)%00%(refname:short) --count=1 refs/tags
DEBUG: LC_ALL=C JX_LOG_LEVEL=error git rev-list -n 1 83b0dcc810d2e6eba9abe1b56e9a396435f6d4bf
DEBUG: Using helmBinary helm with feature flag: template-mode
Generating change log from git ref 1f9fd9202c2d2f2f414374461fa1058892bb9198 => 06363bd41ee8cb79ef114f624958fa5be2af2f94
DEBUG: Found commits:
DEBUG:   commit ca0206441e93d2ec7faf26b4169d05d71f128470
DEBUG:   Author: ******* <*******@gmail.com>
DEBUG:   Date: Fri Jul 31 13:15:41 2020
DEBUG:       updating makefile



Associating user ******* in users.jenkins.io with email *******@gmail.com to git GitProvider user with login *******-1 as emails match
Adding label jenkins.io/git-github-userid=*******-1 to user ******* in users.jenkins.io
Associating user ******* in users.jenkins.io with email *******@gmail.com to git GitProvider user with login *******-1 as emails match
Adding label jenkins.io/git-github-userid=*******-1 to user ******* in users.jenkins.io
Finding issues in commit messages using git format
DEBUG: Generated release notes:

## Changes

* updating makefile ([*******](https://github.com/*******))

DEBUG: JX_LOG_LEVEL=error LC_ALL=C git tag --list 0.0.5
DEBUG: LC_ALL=C JX_LOG_LEVEL=error git tag --list v0.0.5
WARNING: No release found for zeebe-io/zeebe-tasklist-helm and tag v0.0.5 so creating a new release
Updated the release information at https://github.com/zeebe-io/zeebe-tasklist-helm/releases/tag/v0.0.5
DEBUG: Not adding dependency matrix /workspace/source/dependency-matrix/matrix.yaml as does not exist
generated: /workspace/source/zeebe-tasklist/templates/release.yaml
Created Release zeebe-tasklist-helm-0-0-5 resource in namespace **
Updating PipelineActivity zeebe-io-zeebe-tasklist-helm-master-5 with version 0.0.5
Updated PipelineActivities zeebe-io-zeebe-tasklist-helm-master-5 with release notes URL: https://github.com/zeebe-io/zeebe-tasklist-helm/releases/tag/v0.0.5

Showing logs for build [32mzeebe-io-zeebe-tasklist-helm-ma-l7bvs-5[0m stage [32mfrom-build-pack[0m and container [32mstep-promote-step6[0m
Using https://github.com/zeebe-io/zeebe-tasklist-helm as source for change discovered from git repo in /workspace/source
Created Pull Request: https://github.com/zeebe-io/zeebe-full-helm/pull/84
Added label updatebot to Pull Request https://github.com/zeebe-io/zeebe-full-helm/pull/84
